2022-09-19 17:49:42 ERROR CuratorFrameworkImpl:557 - Ensure path threw exception
org.apache.zookeeper.KeeperException$ConnectionLossException: KeeperErrorCode = ConnectionLoss for /raiser-rpc
	at org.apache.zookeeper.KeeperException.create(KeeperException.java:99)
	at org.apache.zookeeper.KeeperException.create(KeeperException.java:51)
	at org.apache.zookeeper.ZooKeeper.exists(ZooKeeper.java:1102)
	at org.apache.zookeeper.ZooKeeper.exists(ZooKeeper.java:1130)
	at org.apache.curator.utils.ZKPaths.mkdirs(ZKPaths.java:274)
	at org.apache.curator.framework.imps.NamespaceImpl$1.call(NamespaceImpl.java:90)
	at org.apache.curator.RetryLoop.callWithRetry(RetryLoop.java:109)
	at org.apache.curator.framework.imps.NamespaceImpl.fixForNamespace(NamespaceImpl.java:83)
	at org.apache.curator.framework.imps.CuratorFrameworkImpl.fixForNamespace(CuratorFrameworkImpl.java:594)
	at org.apache.curator.framework.imps.GetChildrenBuilderImpl.forPath(GetChildrenBuilderImpl.java:198)
	at org.apache.curator.framework.imps.GetChildrenBuilderImpl.forPath(GetChildrenBuilderImpl.java:40)
	at com.raiser.rpc.zookeeper.CuratorClient.getChildren(CuratorClient.java:64)
	at com.raiser.rpc.client.discovery.ServiceDiscovery.getServiceAndUpdateServer(ServiceDiscovery.java:60)
	at com.raiser.rpc.client.discovery.ServiceDiscovery.discoveryService(ServiceDiscovery.java:32)
	at com.raiser.rpc.client.discovery.ServiceDiscovery.<init>(ServiceDiscovery.java:26)
	at com.raiser.rpc.client.RpcClient.<init>(RpcClient.java:31)
	at com.raiser.benchmark.client.ClientBenchmark.<init>(ClientBenchmark.java:37)
	at com.raiser.benchmark.client.generated.ClientBenchmark_jmhType_B1.<init>(ClientBenchmark_jmhType_B1.java:3)
	at com.raiser.benchmark.client.generated.ClientBenchmark_jmhType_B2.<init>(ClientBenchmark_jmhType_B2.java:3)
	at com.raiser.benchmark.client.generated.ClientBenchmark_jmhType_B3.<init>(ClientBenchmark_jmhType_B3.java:2)
	at com.raiser.benchmark.client.generated.ClientBenchmark_jmhType.<init>(ClientBenchmark_jmhType.java:2)
	at com.raiser.benchmark.client.generated.ClientBenchmark_createUser_jmhTest._jmh_tryInit_f_clientbenchmark0_G(ClientBenchmark_createUser_jmhTest.java:437)
	at com.raiser.benchmark.client.generated.ClientBenchmark_createUser_jmhTest.createUser_Throughput(ClientBenchmark_createUser_jmhTest.java:71)
	at sun.reflect.NativeMethodAccessorImpl.invoke0(Native Method)
	at sun.reflect.NativeMethodAccessorImpl.invoke(NativeMethodAccessorImpl.java:62)
	at sun.reflect.DelegatingMethodAccessorImpl.invoke(DelegatingMethodAccessorImpl.java:43)
	at java.lang.reflect.Method.invoke(Method.java:498)
	at org.openjdk.jmh.runner.BenchmarkHandler$BenchmarkTask.call(BenchmarkHandler.java:453)
	at org.openjdk.jmh.runner.BenchmarkHandler$BenchmarkTask.call(BenchmarkHandler.java:437)
	at java.util.concurrent.FutureTask.run(FutureTask.java:266)
	at java.util.concurrent.Executors$RunnableAdapter.call(Executors.java:511)
	at java.util.concurrent.FutureTask.run(FutureTask.java:266)
	at java.util.concurrent.ThreadPoolExecutor.runWorker(ThreadPoolExecutor.java:1149)
	at java.util.concurrent.ThreadPoolExecutor$Worker.run(ThreadPoolExecutor.java:624)
	at java.lang.Thread.run(Thread.java:750)
2022-09-19 18:02:06 ERROR ServiceDiscovery:71 - Get node exception: KeeperErrorCode = ConnectionLoss for /raiser-rpc/register
2022-09-19 18:27:18 ERROR CuratorFrameworkImpl:557 - Ensure path threw exception
org.apache.zookeeper.KeeperException$ConnectionLossException: KeeperErrorCode = ConnectionLoss for /raiser-rpc
	at org.apache.zookeeper.KeeperException.create(KeeperException.java:99)
	at org.apache.zookeeper.KeeperException.create(KeeperException.java:51)
	at org.apache.zookeeper.ZooKeeper.exists(ZooKeeper.java:1102)
	at org.apache.zookeeper.ZooKeeper.exists(ZooKeeper.java:1130)
	at org.apache.curator.utils.ZKPaths.mkdirs(ZKPaths.java:274)
	at org.apache.curator.framework.imps.NamespaceImpl$1.call(NamespaceImpl.java:90)
	at org.apache.curator.RetryLoop.callWithRetry(RetryLoop.java:109)
	at org.apache.curator.framework.imps.NamespaceImpl.fixForNamespace(NamespaceImpl.java:83)
	at org.apache.curator.framework.imps.CuratorFrameworkImpl.fixForNamespace(CuratorFrameworkImpl.java:594)
	at org.apache.curator.framework.imps.ExistsBuilderImpl.forPath(ExistsBuilderImpl.java:158)
	at org.apache.curator.framework.imps.ExistsBuilderImpl.forPath(ExistsBuilderImpl.java:32)
	at org.apache.curator.framework.imps.CuratorFrameworkImpl.createContainers(CuratorFrameworkImpl.java:194)
	at org.apache.curator.framework.EnsureContainers.internalEnsure(EnsureContainers.java:61)
	at org.apache.curator.framework.EnsureContainers.ensure(EnsureContainers.java:53)
	at org.apache.curator.framework.recipes.cache.PathChildrenCache.ensurePath(PathChildrenCache.java:576)
	at org.apache.curator.framework.recipes.cache.PathChildrenCache.rebuild(PathChildrenCache.java:326)
	at org.apache.curator.framework.recipes.cache.PathChildrenCache.start(PathChildrenCache.java:303)
	at com.raiser.rpc.zookeeper.CuratorClient.watchPathChildrenNode(CuratorClient.java:77)
	at com.raiser.rpc.client.discovery.ServiceDiscovery.discoveryService(ServiceDiscovery.java:34)
	at com.raiser.rpc.client.discovery.ServiceDiscovery.<init>(ServiceDiscovery.java:26)
	at com.raiser.rpc.client.RpcClient.<init>(RpcClient.java:31)
	at com.raiser.benchmark.client.ClientBenchmark.<init>(ClientBenchmark.java:37)
	at com.raiser.benchmark.client.generated.ClientBenchmark_jmhType_B1.<init>(ClientBenchmark_jmhType_B1.java:3)
	at com.raiser.benchmark.client.generated.ClientBenchmark_jmhType_B2.<init>(ClientBenchmark_jmhType_B2.java:3)
	at com.raiser.benchmark.client.generated.ClientBenchmark_jmhType_B3.<init>(ClientBenchmark_jmhType_B3.java:2)
	at com.raiser.benchmark.client.generated.ClientBenchmark_jmhType.<init>(ClientBenchmark_jmhType.java:2)
	at com.raiser.benchmark.client.generated.ClientBenchmark_createUser_jmhTest._jmh_tryInit_f_clientbenchmark0_G(ClientBenchmark_createUser_jmhTest.java:437)
	at com.raiser.benchmark.client.generated.ClientBenchmark_createUser_jmhTest.createUser_Throughput(ClientBenchmark_createUser_jmhTest.java:71)
	at sun.reflect.NativeMethodAccessorImpl.invoke0(Native Method)
	at sun.reflect.NativeMethodAccessorImpl.invoke(NativeMethodAccessorImpl.java:62)
	at sun.reflect.DelegatingMethodAccessorImpl.invoke(DelegatingMethodAccessorImpl.java:43)
	at java.lang.reflect.Method.invoke(Method.java:498)
	at org.openjdk.jmh.runner.BenchmarkHandler$BenchmarkTask.call(BenchmarkHandler.java:453)
	at org.openjdk.jmh.runner.BenchmarkHandler$BenchmarkTask.call(BenchmarkHandler.java:437)
	at java.util.concurrent.FutureTask.run(FutureTask.java:266)
	at java.util.concurrent.Executors$RunnableAdapter.call(Executors.java:511)
	at java.util.concurrent.FutureTask.run(FutureTask.java:266)
	at java.util.concurrent.ThreadPoolExecutor.runWorker(ThreadPoolExecutor.java:1149)
	at java.util.concurrent.ThreadPoolExecutor$Worker.run(ThreadPoolExecutor.java:624)
	at java.lang.Thread.run(Thread.java:750)
2022-09-19 18:50:07 ERROR ServiceDiscovery:54 - Watch node exception: KeeperErrorCode = ConnectionLoss for /raiser-rpc
2022-10-31 15:49:01 ERROR RpcServerHandler:50 - RPC Server handle request: bed00c66-22de-448a-bd02-e2dc61ba556c error
2022-10-31 15:49:36 ERROR RpcServerHandler:50 - RPC Server handle request: 1cfa2fee-3658-4d5d-82dd-762bed4aaea7 error
2022-10-31 15:50:25 ERROR RpcServerHandler:50 - RPC Server handle request: 695e9cc1-31a2-43d8-8a4f-c26bea734b89 error
2022-10-31 15:51:05 ERROR RpcServerHandler:50 - RPC Server handle request: 98307d78-199f-40e0-908a-0d417e255f40 error
2022-10-31 15:51:47 ERROR RpcServerHandler:50 - RPC Server handle request: 1053228f-17b8-4cc5-aa9a-ff6086d63a6a error
2022-10-31 16:06:35 ERROR RpcServerHandler:50 - RPC Server handle request: 50c885a2-a02a-4732-8a54-bb9243289943 error
2022-10-31 19:09:17 ERROR PathChildrenCache:571 - 
java.lang.IllegalArgumentException: Unknown type:CHILD_ADDED
	at com.raiser.rpc.client.connect.ConnectionManager.updateConnectedServer(ConnectionManager.java:189)
	at com.raiser.rpc.client.discovery.ServiceDiscovery.updateConnectedServer(ServiceDiscovery.java:88)
	at com.raiser.rpc.client.discovery.ServiceDiscovery.getServiceAndUpdateServer(ServiceDiscovery.java:80)
	at com.raiser.rpc.client.discovery.ServiceDiscovery.lambda$discoveryService$0(ServiceDiscovery.java:43)
	at org.apache.curator.framework.recipes.cache.PathChildrenCache$5.apply(PathChildrenCache.java:522)
	at org.apache.curator.framework.recipes.cache.PathChildrenCache$5.apply(PathChildrenCache.java:516)
	at org.apache.curator.framework.listen.ListenerContainer$1.run(ListenerContainer.java:93)
	at org.apache.curator.shaded.com.google.common.util.concurrent.MoreExecutors$SameThreadExecutorService.execute(MoreExecutors.java:297)
	at org.apache.curator.framework.listen.ListenerContainer.forEach(ListenerContainer.java:85)
	at org.apache.curator.framework.recipes.cache.PathChildrenCache.callListeners(PathChildrenCache.java:514)
	at org.apache.curator.framework.recipes.cache.EventOperation.invoke(EventOperation.java:35)
	at org.apache.curator.framework.recipes.cache.PathChildrenCache$9.run(PathChildrenCache.java:773)
	at java.util.concurrent.Executors$RunnableAdapter.call(Executors.java:511)
	at java.util.concurrent.FutureTask.run(FutureTask.java:266)
	at java.util.concurrent.Executors$RunnableAdapter.call(Executors.java:511)
	at java.util.concurrent.FutureTask.run(FutureTask.java:266)
	at java.util.concurrent.ThreadPoolExecutor.runWorker(ThreadPoolExecutor.java:1149)
	at java.util.concurrent.ThreadPoolExecutor$Worker.run(ThreadPoolExecutor.java:624)
	at java.lang.Thread.run(Thread.java:750)
2022-10-31 19:10:59 ERROR PathChildrenCache:571 - 
java.lang.IllegalArgumentException: Unknown type:CHILD_ADDED
	at com.raiser.rpc.client.connect.ConnectionManager.updateConnectedServer(ConnectionManager.java:189)
	at com.raiser.rpc.client.discovery.ServiceDiscovery.updateConnectedServer(ServiceDiscovery.java:88)
	at com.raiser.rpc.client.discovery.ServiceDiscovery.getServiceAndUpdateServer(ServiceDiscovery.java:80)
	at com.raiser.rpc.client.discovery.ServiceDiscovery.lambda$discoveryService$0(ServiceDiscovery.java:43)
	at org.apache.curator.framework.recipes.cache.PathChildrenCache$5.apply(PathChildrenCache.java:522)
	at org.apache.curator.framework.recipes.cache.PathChildrenCache$5.apply(PathChildrenCache.java:516)
	at org.apache.curator.framework.listen.ListenerContainer$1.run(ListenerContainer.java:93)
	at org.apache.curator.shaded.com.google.common.util.concurrent.MoreExecutors$SameThreadExecutorService.execute(MoreExecutors.java:297)
	at org.apache.curator.framework.listen.ListenerContainer.forEach(ListenerContainer.java:85)
	at org.apache.curator.framework.recipes.cache.PathChildrenCache.callListeners(PathChildrenCache.java:514)
	at org.apache.curator.framework.recipes.cache.EventOperation.invoke(EventOperation.java:35)
	at org.apache.curator.framework.recipes.cache.PathChildrenCache$9.run(PathChildrenCache.java:773)
	at java.util.concurrent.Executors$RunnableAdapter.call(Executors.java:511)
	at java.util.concurrent.FutureTask.run(FutureTask.java:266)
	at java.util.concurrent.Executors$RunnableAdapter.call(Executors.java:511)
	at java.util.concurrent.FutureTask.run(FutureTask.java:266)
	at java.util.concurrent.ThreadPoolExecutor.runWorker(ThreadPoolExecutor.java:1149)
	at java.util.concurrent.ThreadPoolExecutor$Worker.run(ThreadPoolExecutor.java:624)
	at java.lang.Thread.run(Thread.java:750)
2022-10-31 19:10:59 ERROR PathChildrenCache:571 - 
java.lang.IllegalArgumentException: Unknown type:CHILD_ADDED
	at com.raiser.rpc.client.connect.ConnectionManager.updateConnectedServer(ConnectionManager.java:189)
	at com.raiser.rpc.client.discovery.ServiceDiscovery.updateConnectedServer(ServiceDiscovery.java:88)
	at com.raiser.rpc.client.discovery.ServiceDiscovery.getServiceAndUpdateServer(ServiceDiscovery.java:80)
	at com.raiser.rpc.client.discovery.ServiceDiscovery.lambda$discoveryService$0(ServiceDiscovery.java:43)
	at org.apache.curator.framework.recipes.cache.PathChildrenCache$5.apply(PathChildrenCache.java:522)
	at org.apache.curator.framework.recipes.cache.PathChildrenCache$5.apply(PathChildrenCache.java:516)
	at org.apache.curator.framework.listen.ListenerContainer$1.run(ListenerContainer.java:93)
	at org.apache.curator.shaded.com.google.common.util.concurrent.MoreExecutors$SameThreadExecutorService.execute(MoreExecutors.java:297)
	at org.apache.curator.framework.listen.ListenerContainer.forEach(ListenerContainer.java:85)
	at org.apache.curator.framework.recipes.cache.PathChildrenCache.callListeners(PathChildrenCache.java:514)
	at org.apache.curator.framework.recipes.cache.EventOperation.invoke(EventOperation.java:35)
	at org.apache.curator.framework.recipes.cache.PathChildrenCache$9.run(PathChildrenCache.java:773)
	at java.util.concurrent.Executors$RunnableAdapter.call(Executors.java:511)
	at java.util.concurrent.FutureTask.run(FutureTask.java:266)
	at java.util.concurrent.Executors$RunnableAdapter.call(Executors.java:511)
	at java.util.concurrent.FutureTask.run(FutureTask.java:266)
	at java.util.concurrent.ThreadPoolExecutor.runWorker(ThreadPoolExecutor.java:1149)
	at java.util.concurrent.ThreadPoolExecutor$Worker.run(ThreadPoolExecutor.java:624)
	at java.lang.Thread.run(Thread.java:750)
2022-10-31 19:10:59 ERROR PathChildrenCache:571 - 
java.lang.IllegalArgumentException: Unknown type:CHILD_ADDED
	at com.raiser.rpc.client.connect.ConnectionManager.updateConnectedServer(ConnectionManager.java:189)
	at com.raiser.rpc.client.discovery.ServiceDiscovery.updateConnectedServer(ServiceDiscovery.java:88)
	at com.raiser.rpc.client.discovery.ServiceDiscovery.getServiceAndUpdateServer(ServiceDiscovery.java:80)
	at com.raiser.rpc.client.discovery.ServiceDiscovery.lambda$discoveryService$0(ServiceDiscovery.java:43)
	at org.apache.curator.framework.recipes.cache.PathChildrenCache$5.apply(PathChildrenCache.java:522)
	at org.apache.curator.framework.recipes.cache.PathChildrenCache$5.apply(PathChildrenCache.java:516)
	at org.apache.curator.framework.listen.ListenerContainer$1.run(ListenerContainer.java:93)
	at org.apache.curator.shaded.com.google.common.util.concurrent.MoreExecutors$SameThreadExecutorService.execute(MoreExecutors.java:297)
	at org.apache.curator.framework.listen.ListenerContainer.forEach(ListenerContainer.java:85)
	at org.apache.curator.framework.recipes.cache.PathChildrenCache.callListeners(PathChildrenCache.java:514)
	at org.apache.curator.framework.recipes.cache.EventOperation.invoke(EventOperation.java:35)
	at org.apache.curator.framework.recipes.cache.PathChildrenCache$9.run(PathChildrenCache.java:773)
	at java.util.concurrent.Executors$RunnableAdapter.call(Executors.java:511)
	at java.util.concurrent.FutureTask.run(FutureTask.java:266)
	at java.util.concurrent.Executors$RunnableAdapter.call(Executors.java:511)
	at java.util.concurrent.FutureTask.run(FutureTask.java:266)
	at java.util.concurrent.ThreadPoolExecutor.runWorker(ThreadPoolExecutor.java:1149)
	at java.util.concurrent.ThreadPoolExecutor$Worker.run(ThreadPoolExecutor.java:624)
	at java.lang.Thread.run(Thread.java:750)
2022-10-31 19:11:00 ERROR PathChildrenCache:571 - 
java.lang.IllegalArgumentException: Unknown type:CHILD_ADDED
	at com.raiser.rpc.client.connect.ConnectionManager.updateConnectedServer(ConnectionManager.java:189)
	at com.raiser.rpc.client.discovery.ServiceDiscovery.updateConnectedServer(ServiceDiscovery.java:88)
	at com.raiser.rpc.client.discovery.ServiceDiscovery.getServiceAndUpdateServer(ServiceDiscovery.java:80)
	at com.raiser.rpc.client.discovery.ServiceDiscovery.lambda$discoveryService$0(ServiceDiscovery.java:43)
	at org.apache.curator.framework.recipes.cache.PathChildrenCache$5.apply(PathChildrenCache.java:522)
	at org.apache.curator.framework.recipes.cache.PathChildrenCache$5.apply(PathChildrenCache.java:516)
	at org.apache.curator.framework.listen.ListenerContainer$1.run(ListenerContainer.java:93)
	at org.apache.curator.shaded.com.google.common.util.concurrent.MoreExecutors$SameThreadExecutorService.execute(MoreExecutors.java:297)
	at org.apache.curator.framework.listen.ListenerContainer.forEach(ListenerContainer.java:85)
	at org.apache.curator.framework.recipes.cache.PathChildrenCache.callListeners(PathChildrenCache.java:514)
	at org.apache.curator.framework.recipes.cache.EventOperation.invoke(EventOperation.java:35)
	at org.apache.curator.framework.recipes.cache.PathChildrenCache$9.run(PathChildrenCache.java:773)
	at java.util.concurrent.Executors$RunnableAdapter.call(Executors.java:511)
	at java.util.concurrent.FutureTask.run(FutureTask.java:266)
	at java.util.concurrent.Executors$RunnableAdapter.call(Executors.java:511)
	at java.util.concurrent.FutureTask.run(FutureTask.java:266)
	at java.util.concurrent.ThreadPoolExecutor.runWorker(ThreadPoolExecutor.java:1149)
	at java.util.concurrent.ThreadPoolExecutor$Worker.run(ThreadPoolExecutor.java:624)
	at java.lang.Thread.run(Thread.java:750)
2022-10-31 19:11:00 ERROR PathChildrenCache:571 - 
java.lang.IllegalArgumentException: Unknown type:CHILD_ADDED
	at com.raiser.rpc.client.connect.ConnectionManager.updateConnectedServer(ConnectionManager.java:189)
	at com.raiser.rpc.client.discovery.ServiceDiscovery.updateConnectedServer(ServiceDiscovery.java:88)
	at com.raiser.rpc.client.discovery.ServiceDiscovery.getServiceAndUpdateServer(ServiceDiscovery.java:80)
	at com.raiser.rpc.client.discovery.ServiceDiscovery.lambda$discoveryService$0(ServiceDiscovery.java:43)
	at org.apache.curator.framework.recipes.cache.PathChildrenCache$5.apply(PathChildrenCache.java:522)
	at org.apache.curator.framework.recipes.cache.PathChildrenCache$5.apply(PathChildrenCache.java:516)
	at org.apache.curator.framework.listen.ListenerContainer$1.run(ListenerContainer.java:93)
	at org.apache.curator.shaded.com.google.common.util.concurrent.MoreExecutors$SameThreadExecutorService.execute(MoreExecutors.java:297)
	at org.apache.curator.framework.listen.ListenerContainer.forEach(ListenerContainer.java:85)
	at org.apache.curator.framework.recipes.cache.PathChildrenCache.callListeners(PathChildrenCache.java:514)
	at org.apache.curator.framework.recipes.cache.EventOperation.invoke(EventOperation.java:35)
	at org.apache.curator.framework.recipes.cache.PathChildrenCache$9.run(PathChildrenCache.java:773)
	at java.util.concurrent.Executors$RunnableAdapter.call(Executors.java:511)
	at java.util.concurrent.FutureTask.run(FutureTask.java:266)
	at java.util.concurrent.Executors$RunnableAdapter.call(Executors.java:511)
	at java.util.concurrent.FutureTask.run(FutureTask.java:266)
	at java.util.concurrent.ThreadPoolExecutor.runWorker(ThreadPoolExecutor.java:1149)
	at java.util.concurrent.ThreadPoolExecutor$Worker.run(ThreadPoolExecutor.java:624)
	at java.lang.Thread.run(Thread.java:750)
